INFO 2017-02-01 19:51:59,965 JUnit - 
 
******************************************************************************** 
*                                                                              * 
*                                                                              * 
* HCII2017 Relatorio JUnit                                                     * 
*                                                                              * 
*                                                                              * 
******************************************************************************** 

INFO 2017-02-01 19:52:00,138 JUnit - O teste br.edu.fei.hcii17.test.internal.tc.PracticeTaskTest#test01___ParametroDeEntradaEhNuloParaFuncaoEncode() foi iniciado.
INFO 2017-02-01 19:52:00,143 JUnit - O teste br.edu.fei.hcii17.test.internal.tc.PracticeTaskTest#test02___ParametroDeEntradaEhNuloParaFuncaoDecode() foi iniciado.
INFO 2017-02-01 19:52:00,145 JUnit - O teste br.edu.fei.hcii17.test.internal.tc.PracticeTaskTest#test03___ParametroDeEntradaEhVazioParaFuncaoEncode() foi iniciado.
INFO 2017-02-01 19:52:00,146 JUnit - O teste br.edu.fei.hcii17.test.internal.tc.PracticeTaskTest#test04___ParametroDeEntradaEhVazioParaFuncaoDecode() foi iniciado.
INFO 2017-02-01 19:52:00,147 JUnit - O teste br.edu.fei.hcii17.test.internal.tc.PracticeTaskTest#test05___CodficandoUmVetorDeBytesEmBase64() foi iniciado.
INFO 2017-02-01 19:52:00,149 JUnit - O teste br.edu.fei.hcii17.test.internal.tc.PracticeTaskTest#test06___DecodficandoUmaStringBase64() foi iniciado.
INFO 2017-02-01 19:52:00,154 JUnit - A execucao terminou (tests_run=6, test_failures=0, run_time=18 ms).
INFO 2017-02-01 19:52:00,155 JUnit - A tarefa foi concluida.
INFO 2017-02-01 20:14:41,323 JUnit - 
 
******************************************************************************** 
*                                                                              * 
*                                                                              * 
* HCII2017 Relatorio JUnit                                                     * 
*                                                                              * 
*                                                                              * 
******************************************************************************** 

INFO 2017-02-01 20:14:41,406 JUnit - O teste br.edu.fei.hcii17.test.internal.tc.Task01Test#test01___ParametrosDeEntradaSaoNulos() foi iniciado.
INFO 2017-02-01 20:14:41,595 JUnit - O teste br.edu.fei.hcii17.test.internal.tc.Task01Test#test02___ParametrosDeEntradaNaoSaoDiretorios() foi iniciado.
INFO 2017-02-01 20:14:41,602 JUnit - O teste br.edu.fei.hcii17.test.internal.tc.Task01Test#test03___DiretoriosNaoExistem() foi iniciado.
INFO 2017-02-01 20:14:41,607 JUnit - O teste br.edu.fei.hcii17.test.internal.tc.Task01Test#test04___DiretoriosEstaoVazios() foi iniciado.
INFO 2017-02-01 20:14:41,632 JUnit - O teste br.edu.fei.hcii17.test.internal.tc.Task01Test#test05___DiretoriosJaContemArquivos() foi iniciado.
INFO 2017-02-01 20:14:41,640 JUnit - O teste br.edu.fei.hcii17.test.internal.tc.Task01Test#test06___DiretorioDeEntradaContemApenasPDFs() foi iniciado.
INFO 2017-02-01 20:14:41,646 JUnit - O teste br.edu.fei.hcii17.test.internal.tc.Task01Test#test07___DiretorioDeEntradaContemTodoTipoDeArquivo() foi iniciado.
INFO 2017-02-01 20:14:41,656 JUnit - O teste br.edu.fei.hcii17.test.internal.tc.Task01Test#test08___DiretorioDeEntradaNaoContemPDFs() foi iniciado.
INFO 2017-02-01 20:14:41,677 JUnit - A execucao terminou (tests_run=8, test_failures=5, run_time=273 ms).
INFO 2017-02-01 20:15:05,623 JUnit - 
 
******************************************************************************** 
*                                                                              * 
*                                                                              * 
* HCII2017 Relatorio JUnit                                                     * 
*                                                                              * 
*                                                                              * 
******************************************************************************** 

INFO 2017-02-01 20:15:05,704 JUnit - O teste br.edu.fei.hcii17.test.internal.tc.Task01Test#test01___ParametrosDeEntradaSaoNulos() foi iniciado.
INFO 2017-02-01 20:15:05,887 JUnit - O teste br.edu.fei.hcii17.test.internal.tc.Task01Test#test02___ParametrosDeEntradaNaoSaoDiretorios() foi iniciado.
INFO 2017-02-01 20:15:05,892 JUnit - O teste br.edu.fei.hcii17.test.internal.tc.Task01Test#test03___DiretoriosNaoExistem() foi iniciado.
INFO 2017-02-01 20:15:05,897 JUnit - O teste br.edu.fei.hcii17.test.internal.tc.Task01Test#test04___DiretoriosEstaoVazios() foi iniciado.
INFO 2017-02-01 20:15:05,903 JUnit - O teste br.edu.fei.hcii17.test.internal.tc.Task01Test#test05___DiretoriosJaContemArquivos() foi iniciado.
INFO 2017-02-01 20:15:05,910 JUnit - O teste br.edu.fei.hcii17.test.internal.tc.Task01Test#test06___DiretorioDeEntradaContemApenasPDFs() foi iniciado.
INFO 2017-02-01 20:15:05,915 JUnit - O teste br.edu.fei.hcii17.test.internal.tc.Task01Test#test07___DiretorioDeEntradaContemTodoTipoDeArquivo() foi iniciado.
INFO 2017-02-01 20:15:05,919 JUnit - O teste br.edu.fei.hcii17.test.internal.tc.Task01Test#test08___DiretorioDeEntradaNaoContemPDFs() foi iniciado.
INFO 2017-02-01 20:15:05,926 JUnit - A execucao terminou (tests_run=8, test_failures=5, run_time=225 ms).
INFO 2017-02-01 20:19:14,405 JUnit - 
 
******************************************************************************** 
*                                                                              * 
*                                                                              * 
* HCII2017 Relatorio JUnit                                                     * 
*                                                                              * 
*                                                                              * 
******************************************************************************** 

INFO 2017-02-01 20:19:14,486 JUnit - O teste br.edu.fei.hcii17.test.internal.tc.Task01Test#test01___ParametrosDeEntradaSaoNulos() foi iniciado.
INFO 2017-02-01 20:19:14,642 JUnit - O teste br.edu.fei.hcii17.test.internal.tc.Task01Test#test02___ParametrosDeEntradaNaoSaoDiretorios() foi iniciado.
INFO 2017-02-01 20:19:14,647 JUnit - O teste br.edu.fei.hcii17.test.internal.tc.Task01Test#test03___DiretoriosNaoExistem() foi iniciado.
INFO 2017-02-01 20:19:14,651 JUnit - O teste br.edu.fei.hcii17.test.internal.tc.Task01Test#test04___DiretoriosEstaoVazios() foi iniciado.
INFO 2017-02-01 20:19:14,659 JUnit - O teste br.edu.fei.hcii17.test.internal.tc.Task01Test#test05___DiretoriosJaContemArquivos() foi iniciado.
INFO 2017-02-01 20:19:14,664 JUnit - O teste br.edu.fei.hcii17.test.internal.tc.Task01Test#test06___DiretorioDeEntradaContemApenasPDFs() foi iniciado.
INFO 2017-02-01 20:19:14,668 JUnit - O teste br.edu.fei.hcii17.test.internal.tc.Task01Test#test07___DiretorioDeEntradaContemTodoTipoDeArquivo() foi iniciado.
INFO 2017-02-01 20:19:14,672 JUnit - O teste br.edu.fei.hcii17.test.internal.tc.Task01Test#test08___DiretorioDeEntradaNaoContemPDFs() foi iniciado.
INFO 2017-02-01 20:19:14,679 JUnit - A execucao terminou (tests_run=8, test_failures=5, run_time=196 ms).
INFO 2017-02-01 20:28:10,476 JUnit - 
 
******************************************************************************** 
*                                                                              * 
*                                                                              * 
* HCII2017 Relatorio JUnit                                                     * 
*                                                                              * 
*                                                                              * 
******************************************************************************** 

INFO 2017-02-01 20:28:10,563 JUnit - O teste br.edu.fei.hcii17.test.internal.tc.Task01Test#test01___ParametrosDeEntradaSaoNulos() foi iniciado.
INFO 2017-02-01 20:28:10,773 JUnit - O teste br.edu.fei.hcii17.test.internal.tc.Task01Test#test02___ParametrosDeEntradaNaoSaoDiretorios() foi iniciado.
INFO 2017-02-01 20:28:10,779 JUnit - O teste br.edu.fei.hcii17.test.internal.tc.Task01Test#test03___DiretoriosNaoExistem() foi iniciado.
INFO 2017-02-01 20:28:10,783 JUnit - O teste br.edu.fei.hcii17.test.internal.tc.Task01Test#test04___DiretoriosEstaoVazios() foi iniciado.
INFO 2017-02-01 20:28:10,793 JUnit - O teste br.edu.fei.hcii17.test.internal.tc.Task01Test#test05___DiretoriosJaContemArquivos() foi iniciado.
INFO 2017-02-01 20:28:10,802 JUnit - O teste br.edu.fei.hcii17.test.internal.tc.Task01Test#test06___DiretorioDeEntradaContemApenasPDFs() foi iniciado.
INFO 2017-02-01 20:28:10,809 JUnit - O teste br.edu.fei.hcii17.test.internal.tc.Task01Test#test07___DiretorioDeEntradaContemTodoTipoDeArquivo() foi iniciado.
INFO 2017-02-01 20:28:10,814 JUnit - O teste br.edu.fei.hcii17.test.internal.tc.Task01Test#test08___DiretorioDeEntradaNaoContemPDFs() foi iniciado.
INFO 2017-02-01 20:28:10,823 JUnit - A execucao terminou (tests_run=8, test_failures=5, run_time=263 ms).
INFO 2017-02-01 20:31:40,094 JUnit - 
 
******************************************************************************** 
*                                                                              * 
*                                                                              * 
* HCII2017 Relatorio JUnit                                                     * 
*                                                                              * 
*                                                                              * 
******************************************************************************** 

INFO 2017-02-01 20:31:40,174 JUnit - O teste br.edu.fei.hcii17.test.internal.tc.Task01Test#test01___ParametrosDeEntradaSaoNulos() foi iniciado.
INFO 2017-02-01 20:31:40,348 JUnit - O teste br.edu.fei.hcii17.test.internal.tc.Task01Test#test02___ParametrosDeEntradaNaoSaoDiretorios() foi iniciado.
INFO 2017-02-01 20:31:40,352 JUnit - O teste br.edu.fei.hcii17.test.internal.tc.Task01Test#test03___DiretoriosNaoExistem() foi iniciado.
INFO 2017-02-01 20:31:40,356 JUnit - O teste br.edu.fei.hcii17.test.internal.tc.Task01Test#test04___DiretoriosEstaoVazios() foi iniciado.
INFO 2017-02-01 20:31:40,363 JUnit - O teste br.edu.fei.hcii17.test.internal.tc.Task01Test#test05___DiretoriosJaContemArquivos() foi iniciado.
INFO 2017-02-01 20:31:40,370 JUnit - O teste br.edu.fei.hcii17.test.internal.tc.Task01Test#test06___DiretorioDeEntradaContemApenasPDFs() foi iniciado.
INFO 2017-02-01 20:31:40,375 JUnit - O teste br.edu.fei.hcii17.test.internal.tc.Task01Test#test07___DiretorioDeEntradaContemTodoTipoDeArquivo() foi iniciado.
INFO 2017-02-01 20:31:40,383 JUnit - O teste br.edu.fei.hcii17.test.internal.tc.Task01Test#test08___DiretorioDeEntradaNaoContemPDFs() foi iniciado.
INFO 2017-02-01 20:31:40,398 JUnit - A execucao terminou (tests_run=8, test_failures=5, run_time=224 ms).
INFO 2017-02-01 20:53:42,298 JUnit - 
 
******************************************************************************** 
*                                                                              * 
*                                                                              * 
* HCII2017 Relatorio JUnit                                                     * 
*                                                                              * 
*                                                                              * 
******************************************************************************** 

INFO 2017-02-01 20:53:42,377 JUnit - O teste br.edu.fei.hcii17.test.internal.tc.Task01Test#test01___ParametrosDeEntradaSaoNulos() foi iniciado.
INFO 2017-02-01 20:53:42,556 JUnit - O teste br.edu.fei.hcii17.test.internal.tc.Task01Test#test02___ParametrosDeEntradaNaoSaoDiretorios() foi iniciado.
INFO 2017-02-01 20:53:42,609 JUnit - O teste br.edu.fei.hcii17.test.internal.tc.Task01Test#test03___DiretoriosNaoExistem() foi iniciado.
INFO 2017-02-01 20:53:42,613 JUnit - O teste br.edu.fei.hcii17.test.internal.tc.Task01Test#test04___DiretoriosEstaoVazios() foi iniciado.
INFO 2017-02-01 20:53:42,689 JUnit - O teste br.edu.fei.hcii17.test.internal.tc.Task01Test#test05___DiretoriosJaContemArquivos() foi iniciado.
INFO 2017-02-01 20:53:42,700 JUnit - O teste br.edu.fei.hcii17.test.internal.tc.Task01Test#test06___DiretorioDeEntradaContemApenasPDFs() foi iniciado.
INFO 2017-02-01 20:53:42,713 JUnit - O teste br.edu.fei.hcii17.test.internal.tc.Task01Test#test07___DiretorioDeEntradaContemTodoTipoDeArquivo() foi iniciado.
INFO 2017-02-01 20:53:42,731 JUnit - O teste br.edu.fei.hcii17.test.internal.tc.Task01Test#test08___DiretorioDeEntradaNaoContemPDFs() foi iniciado.
INFO 2017-02-01 20:53:42,740 JUnit - A execucao terminou (tests_run=8, test_failures=1, run_time=365 ms).
INFO 2017-02-01 20:56:29,291 JUnit - 
 
******************************************************************************** 
*                                                                              * 
*                                                                              * 
* HCII2017 Relatorio JUnit                                                     * 
*                                                                              * 
*                                                                              * 
******************************************************************************** 

INFO 2017-02-01 20:56:29,390 JUnit - O teste br.edu.fei.hcii17.test.internal.tc.Task01Test#test01___ParametrosDeEntradaSaoNulos() foi iniciado.
INFO 2017-02-01 20:56:29,545 JUnit - O teste br.edu.fei.hcii17.test.internal.tc.Task01Test#test02___ParametrosDeEntradaNaoSaoDiretorios() foi iniciado.
INFO 2017-02-01 20:56:29,557 JUnit - O teste br.edu.fei.hcii17.test.internal.tc.Task01Test#test03___DiretoriosNaoExistem() foi iniciado.
INFO 2017-02-01 20:56:29,562 JUnit - O teste br.edu.fei.hcii17.test.internal.tc.Task01Test#test04___DiretoriosEstaoVazios() foi iniciado.
INFO 2017-02-01 20:56:29,567 JUnit - O teste br.edu.fei.hcii17.test.internal.tc.Task01Test#test05___DiretoriosJaContemArquivos() foi iniciado.
INFO 2017-02-01 20:56:29,574 JUnit - O teste br.edu.fei.hcii17.test.internal.tc.Task01Test#test06___DiretorioDeEntradaContemApenasPDFs() foi iniciado.
INFO 2017-02-01 20:56:29,578 JUnit - O teste br.edu.fei.hcii17.test.internal.tc.Task01Test#test07___DiretorioDeEntradaContemTodoTipoDeArquivo() foi iniciado.
INFO 2017-02-01 20:56:29,581 JUnit - O teste br.edu.fei.hcii17.test.internal.tc.Task01Test#test08___DiretorioDeEntradaNaoContemPDFs() foi iniciado.
INFO 2017-02-01 20:56:29,588 JUnit - A execucao terminou (tests_run=8, test_failures=6, run_time=205 ms).
INFO 2017-02-01 20:57:57,242 JUnit - 
 
******************************************************************************** 
*                                                                              * 
*                                                                              * 
* HCII2017 Relatorio JUnit                                                     * 
*                                                                              * 
*                                                                              * 
******************************************************************************** 

INFO 2017-02-01 20:57:57,326 JUnit - O teste br.edu.fei.hcii17.test.internal.tc.Task01Test#test01___ParametrosDeEntradaSaoNulos() foi iniciado.
INFO 2017-02-01 20:57:57,493 JUnit - O teste br.edu.fei.hcii17.test.internal.tc.Task01Test#test02___ParametrosDeEntradaNaoSaoDiretorios() foi iniciado.
INFO 2017-02-01 20:57:57,505 JUnit - O teste br.edu.fei.hcii17.test.internal.tc.Task01Test#test03___DiretoriosNaoExistem() foi iniciado.
INFO 2017-02-01 20:57:57,510 JUnit - O teste br.edu.fei.hcii17.test.internal.tc.Task01Test#test04___DiretoriosEstaoVazios() foi iniciado.
INFO 2017-02-01 20:57:57,515 JUnit - O teste br.edu.fei.hcii17.test.internal.tc.Task01Test#test05___DiretoriosJaContemArquivos() foi iniciado.
INFO 2017-02-01 20:57:57,524 JUnit - O teste br.edu.fei.hcii17.test.internal.tc.Task01Test#test06___DiretorioDeEntradaContemApenasPDFs() foi iniciado.
INFO 2017-02-01 20:57:57,529 JUnit - O teste br.edu.fei.hcii17.test.internal.tc.Task01Test#test07___DiretorioDeEntradaContemTodoTipoDeArquivo() foi iniciado.
INFO 2017-02-01 20:57:57,534 JUnit - O teste br.edu.fei.hcii17.test.internal.tc.Task01Test#test08___DiretorioDeEntradaNaoContemPDFs() foi iniciado.
INFO 2017-02-01 20:57:57,545 JUnit - A execucao terminou (tests_run=8, test_failures=6, run_time=221 ms).
INFO 2017-02-01 20:59:37,988 JUnit - 
 
******************************************************************************** 
*                                                                              * 
*                                                                              * 
* HCII2017 Relatorio JUnit                                                     * 
*                                                                              * 
*                                                                              * 
******************************************************************************** 

INFO 2017-02-01 20:59:38,066 JUnit - O teste br.edu.fei.hcii17.test.internal.tc.Task01Test#test01___ParametrosDeEntradaSaoNulos() foi iniciado.
INFO 2017-02-01 20:59:38,218 JUnit - O teste br.edu.fei.hcii17.test.internal.tc.Task01Test#test02___ParametrosDeEntradaNaoSaoDiretorios() foi iniciado.
INFO 2017-02-01 20:59:38,223 JUnit - O teste br.edu.fei.hcii17.test.internal.tc.Task01Test#test03___DiretoriosNaoExistem() foi iniciado.
INFO 2017-02-01 20:59:38,227 JUnit - O teste br.edu.fei.hcii17.test.internal.tc.Task01Test#test04___DiretoriosEstaoVazios() foi iniciado.
INFO 2017-02-01 20:59:38,282 JUnit - O teste br.edu.fei.hcii17.test.internal.tc.Task01Test#test05___DiretoriosJaContemArquivos() foi iniciado.
INFO 2017-02-01 20:59:38,297 JUnit - O teste br.edu.fei.hcii17.test.internal.tc.Task01Test#test06___DiretorioDeEntradaContemApenasPDFs() foi iniciado.
INFO 2017-02-01 20:59:38,311 JUnit - O teste br.edu.fei.hcii17.test.internal.tc.Task01Test#test07___DiretorioDeEntradaContemTodoTipoDeArquivo() foi iniciado.
INFO 2017-02-01 20:59:38,325 JUnit - O teste br.edu.fei.hcii17.test.internal.tc.Task01Test#test08___DiretorioDeEntradaNaoContemPDFs() foi iniciado.
INFO 2017-02-01 20:59:38,332 JUnit - A execucao terminou (tests_run=8, test_failures=0, run_time=268 ms).
INFO 2017-02-01 20:59:38,333 JUnit - A tarefa foi concluida.
INFO 2017-02-01 21:04:03,404 JUnit - 
 
******************************************************************************** 
*                                                                              * 
*                                                                              * 
* HCII2017 Relatorio JUnit                                                     * 
*                                                                              * 
*                                                                              * 
******************************************************************************** 

INFO 2017-02-01 21:04:03,545 JUnit - O teste br.edu.fei.hcii17.test.internal.tc.Task02Test#test01___ParametrosDeEntradaSaoNulos() foi iniciado.
INFO 2017-02-01 21:04:03,550 JUnit - O teste br.edu.fei.hcii17.test.internal.tc.Task02Test#test02___InstanteDeInicioInvalido() foi iniciado.
INFO 2017-02-01 21:04:03,551 JUnit - O teste br.edu.fei.hcii17.test.internal.tc.Task02Test#test03___InstanteDeTerminoInvalido() foi iniciado.
INFO 2017-02-01 21:04:03,557 JUnit - O teste br.edu.fei.hcii17.test.internal.tc.Task02Test#test04___InstantesIguais() foi iniciado.
INFO 2017-02-01 21:04:03,559 JUnit - O teste br.edu.fei.hcii17.test.internal.tc.Task02Test#test05___InstantesValidos() foi iniciado.
INFO 2017-02-01 21:04:03,562 JUnit - A execucao terminou (tests_run=5, test_failures=3, run_time=20 ms).
INFO 2017-02-01 21:04:28,745 JUnit - 
 
******************************************************************************** 
*                                                                              * 
*                                                                              * 
* HCII2017 Relatorio JUnit                                                     * 
*                                                                              * 
*                                                                              * 
******************************************************************************** 

INFO 2017-02-01 21:04:28,889 JUnit - O teste br.edu.fei.hcii17.test.internal.tc.Task02Test#test01___ParametrosDeEntradaSaoNulos() foi iniciado.
INFO 2017-02-01 21:04:28,893 JUnit - O teste br.edu.fei.hcii17.test.internal.tc.Task02Test#test02___InstanteDeInicioInvalido() foi iniciado.
INFO 2017-02-01 21:04:28,899 JUnit - O teste br.edu.fei.hcii17.test.internal.tc.Task02Test#test03___InstanteDeTerminoInvalido() foi iniciado.
INFO 2017-02-01 21:04:28,900 JUnit - O teste br.edu.fei.hcii17.test.internal.tc.Task02Test#test04___InstantesIguais() foi iniciado.
INFO 2017-02-01 21:04:28,901 JUnit - O teste br.edu.fei.hcii17.test.internal.tc.Task02Test#test05___InstantesValidos() foi iniciado.
INFO 2017-02-01 21:04:28,905 JUnit - A execucao terminou (tests_run=5, test_failures=3, run_time=18 ms).
INFO 2017-02-01 21:04:55,083 JUnit - 
 
******************************************************************************** 
*                                                                              * 
*                                                                              * 
* HCII2017 Relatorio JUnit                                                     * 
*                                                                              * 
*                                                                              * 
******************************************************************************** 

INFO 2017-02-01 21:04:55,295 JUnit - O teste br.edu.fei.hcii17.test.internal.tc.Task02Test#test01___ParametrosDeEntradaSaoNulos() foi iniciado.
INFO 2017-02-01 21:04:55,299 JUnit - O teste br.edu.fei.hcii17.test.internal.tc.Task02Test#test02___InstanteDeInicioInvalido() foi iniciado.
INFO 2017-02-01 21:04:55,300 JUnit - O teste br.edu.fei.hcii17.test.internal.tc.Task02Test#test03___InstanteDeTerminoInvalido() foi iniciado.
INFO 2017-02-01 21:04:55,301 JUnit - O teste br.edu.fei.hcii17.test.internal.tc.Task02Test#test04___InstantesIguais() foi iniciado.
INFO 2017-02-01 21:04:55,305 JUnit - O teste br.edu.fei.hcii17.test.internal.tc.Task02Test#test05___InstantesValidos() foi iniciado.
INFO 2017-02-01 21:04:55,308 JUnit - A execucao terminou (tests_run=5, test_failures=2, run_time=17 ms).
INFO 2017-02-01 21:06:17,011 JUnit - 
 
******************************************************************************** 
*                                                                              * 
*                                                                              * 
* HCII2017 Relatorio JUnit                                                     * 
*                                                                              * 
*                                                                              * 
******************************************************************************** 

INFO 2017-02-01 21:06:17,150 JUnit - O teste br.edu.fei.hcii17.test.internal.tc.Task02Test#test01___ParametrosDeEntradaSaoNulos() foi iniciado.
INFO 2017-02-01 21:06:17,154 JUnit - O teste br.edu.fei.hcii17.test.internal.tc.Task02Test#test02___InstanteDeInicioInvalido() foi iniciado.
INFO 2017-02-01 21:06:17,155 JUnit - O teste br.edu.fei.hcii17.test.internal.tc.Task02Test#test03___InstanteDeTerminoInvalido() foi iniciado.
INFO 2017-02-01 21:06:17,156 JUnit - O teste br.edu.fei.hcii17.test.internal.tc.Task02Test#test04___InstantesIguais() foi iniciado.
INFO 2017-02-01 21:06:17,167 JUnit - O teste br.edu.fei.hcii17.test.internal.tc.Task02Test#test05___InstantesValidos() foi iniciado.
INFO 2017-02-01 21:06:17,172 JUnit - A execucao terminou (tests_run=5, test_failures=2, run_time=23 ms).
INFO 2017-02-01 21:06:29,707 JUnit - 
 
******************************************************************************** 
*                                                                              * 
*                                                                              * 
* HCII2017 Relatorio JUnit                                                     * 
*                                                                              * 
*                                                                              * 
******************************************************************************** 

INFO 2017-02-01 21:06:29,856 JUnit - O teste br.edu.fei.hcii17.test.internal.tc.Task02Test#test01___ParametrosDeEntradaSaoNulos() foi iniciado.
INFO 2017-02-01 21:06:29,861 JUnit - O teste br.edu.fei.hcii17.test.internal.tc.Task02Test#test02___InstanteDeInicioInvalido() foi iniciado.
INFO 2017-02-01 21:06:29,863 JUnit - O teste br.edu.fei.hcii17.test.internal.tc.Task02Test#test03___InstanteDeTerminoInvalido() foi iniciado.
INFO 2017-02-01 21:06:29,864 JUnit - O teste br.edu.fei.hcii17.test.internal.tc.Task02Test#test04___InstantesIguais() foi iniciado.
INFO 2017-02-01 21:06:29,875 JUnit - O teste br.edu.fei.hcii17.test.internal.tc.Task02Test#test05___InstantesValidos() foi iniciado.
INFO 2017-02-01 21:06:29,880 JUnit - A execucao terminou (tests_run=5, test_failures=2, run_time=27 ms).
INFO 2017-02-01 21:17:29,555 JUnit - 
 
******************************************************************************** 
*                                                                              * 
*                                                                              * 
* HCII2017 Relatorio JUnit                                                     * 
*                                                                              * 
*                                                                              * 
******************************************************************************** 

INFO 2017-02-01 21:17:29,698 JUnit - O teste br.edu.fei.hcii17.test.internal.tc.Task02Test#test01___ParametrosDeEntradaSaoNulos() foi iniciado.
INFO 2017-02-01 21:17:29,703 JUnit - O teste br.edu.fei.hcii17.test.internal.tc.Task02Test#test02___InstanteDeInicioInvalido() foi iniciado.
INFO 2017-02-01 21:17:29,704 JUnit - O teste br.edu.fei.hcii17.test.internal.tc.Task02Test#test03___InstanteDeTerminoInvalido() foi iniciado.
INFO 2017-02-01 21:17:29,705 JUnit - O teste br.edu.fei.hcii17.test.internal.tc.Task02Test#test04___InstantesIguais() foi iniciado.
INFO 2017-02-01 21:17:29,707 JUnit - O teste br.edu.fei.hcii17.test.internal.tc.Task02Test#test05___InstantesValidos() foi iniciado.
INFO 2017-02-01 21:17:29,716 JUnit - A execucao terminou (tests_run=5, test_failures=1, run_time=21 ms).
INFO 2017-02-01 21:22:50,225 JUnit - 
 
******************************************************************************** 
*                                                                              * 
*                                                                              * 
* HCII2017 Relatorio JUnit                                                     * 
*                                                                              * 
*                                                                              * 
******************************************************************************** 

INFO 2017-02-01 21:22:50,513 JUnit - O teste br.edu.fei.hcii17.test.internal.tc.Task02Test#test01___ParametrosDeEntradaSaoNulos() foi iniciado.
INFO 2017-02-01 21:22:50,518 JUnit - O teste br.edu.fei.hcii17.test.internal.tc.Task02Test#test02___InstanteDeInicioInvalido() foi iniciado.
INFO 2017-02-01 21:22:50,531 JUnit - O teste br.edu.fei.hcii17.test.internal.tc.Task02Test#test03___InstanteDeTerminoInvalido() foi iniciado.
INFO 2017-02-01 21:22:50,532 JUnit - O teste br.edu.fei.hcii17.test.internal.tc.Task02Test#test04___InstantesIguais() foi iniciado.
INFO 2017-02-01 21:22:50,539 JUnit - O teste br.edu.fei.hcii17.test.internal.tc.Task02Test#test05___InstantesValidos() foi iniciado.
INFO 2017-02-01 21:22:50,544 JUnit - A execucao terminou (tests_run=5, test_failures=2, run_time=35 ms).
INFO 2017-02-01 21:23:11,694 JUnit - 
 
******************************************************************************** 
*                                                                              * 
*                                                                              * 
* HCII2017 Relatorio JUnit                                                     * 
*                                                                              * 
*                                                                              * 
******************************************************************************** 

INFO 2017-02-01 21:23:11,841 JUnit - O teste br.edu.fei.hcii17.test.internal.tc.Task02Test#test01___ParametrosDeEntradaSaoNulos() foi iniciado.
INFO 2017-02-01 21:23:11,846 JUnit - O teste br.edu.fei.hcii17.test.internal.tc.Task02Test#test02___InstanteDeInicioInvalido() foi iniciado.
INFO 2017-02-01 21:23:11,859 JUnit - O teste br.edu.fei.hcii17.test.internal.tc.Task02Test#test03___InstanteDeTerminoInvalido() foi iniciado.
INFO 2017-02-01 21:23:11,860 JUnit - O teste br.edu.fei.hcii17.test.internal.tc.Task02Test#test04___InstantesIguais() foi iniciado.
INFO 2017-02-01 21:23:11,862 JUnit - O teste br.edu.fei.hcii17.test.internal.tc.Task02Test#test05___InstantesValidos() foi iniciado.
INFO 2017-02-01 21:23:11,865 JUnit - A execucao terminou (tests_run=5, test_failures=3, run_time=27 ms).
INFO 2017-02-01 21:23:21,674 JUnit - 
 
******************************************************************************** 
*                                                                              * 
*                                                                              * 
* HCII2017 Relatorio JUnit                                                     * 
*                                                                              * 
*                                                                              * 
******************************************************************************** 

INFO 2017-02-01 21:23:21,821 JUnit - O teste br.edu.fei.hcii17.test.internal.tc.Task02Test#test01___ParametrosDeEntradaSaoNulos() foi iniciado.
INFO 2017-02-01 21:23:21,825 JUnit - O teste br.edu.fei.hcii17.test.internal.tc.Task02Test#test02___InstanteDeInicioInvalido() foi iniciado.
INFO 2017-02-01 21:23:21,836 JUnit - O teste br.edu.fei.hcii17.test.internal.tc.Task02Test#test03___InstanteDeTerminoInvalido() foi iniciado.
INFO 2017-02-01 21:23:21,837 JUnit - O teste br.edu.fei.hcii17.test.internal.tc.Task02Test#test04___InstantesIguais() foi iniciado.
INFO 2017-02-01 21:23:21,842 JUnit - O teste br.edu.fei.hcii17.test.internal.tc.Task02Test#test05___InstantesValidos() foi iniciado.
INFO 2017-02-01 21:23:21,846 JUnit - A execucao terminou (tests_run=5, test_failures=2, run_time=27 ms).
INFO 2017-02-01 21:24:10,202 JUnit - 
 
******************************************************************************** 
*                                                                              * 
*                                                                              * 
* HCII2017 Relatorio JUnit                                                     * 
*                                                                              * 
*                                                                              * 
******************************************************************************** 

INFO 2017-02-01 21:24:10,338 JUnit - O teste br.edu.fei.hcii17.test.internal.tc.Task02Test#test01___ParametrosDeEntradaSaoNulos() foi iniciado.
INFO 2017-02-01 21:24:10,342 JUnit - O teste br.edu.fei.hcii17.test.internal.tc.Task02Test#test02___InstanteDeInicioInvalido() foi iniciado.
INFO 2017-02-01 21:24:10,362 JUnit - O teste br.edu.fei.hcii17.test.internal.tc.Task02Test#test03___InstanteDeTerminoInvalido() foi iniciado.
INFO 2017-02-01 21:24:10,364 JUnit - O teste br.edu.fei.hcii17.test.internal.tc.Task02Test#test04___InstantesIguais() foi iniciado.
INFO 2017-02-01 21:24:10,365 JUnit - O teste br.edu.fei.hcii17.test.internal.tc.Task02Test#test05___InstantesValidos() foi iniciado.
INFO 2017-02-01 21:24:10,370 JUnit - A execucao terminou (tests_run=5, test_failures=3, run_time=34 ms).
INFO 2017-02-01 21:24:21,701 JUnit - 
 
******************************************************************************** 
*                                                                              * 
*                                                                              * 
* HCII2017 Relatorio JUnit                                                     * 
*                                                                              * 
*                                                                              * 
******************************************************************************** 

INFO 2017-02-01 21:24:21,837 JUnit - O teste br.edu.fei.hcii17.test.internal.tc.Task02Test#test01___ParametrosDeEntradaSaoNulos() foi iniciado.
INFO 2017-02-01 21:24:21,842 JUnit - O teste br.edu.fei.hcii17.test.internal.tc.Task02Test#test02___InstanteDeInicioInvalido() foi iniciado.
INFO 2017-02-01 21:24:21,851 JUnit - O teste br.edu.fei.hcii17.test.internal.tc.Task02Test#test03___InstanteDeTerminoInvalido() foi iniciado.
INFO 2017-02-01 21:24:21,852 JUnit - O teste br.edu.fei.hcii17.test.internal.tc.Task02Test#test04___InstantesIguais() foi iniciado.
INFO 2017-02-01 21:24:21,857 JUnit - O teste br.edu.fei.hcii17.test.internal.tc.Task02Test#test05___InstantesValidos() foi iniciado.
INFO 2017-02-01 21:24:21,862 JUnit - A execucao terminou (tests_run=5, test_failures=2, run_time=26 ms).
INFO 2017-02-01 21:25:12,824 JUnit - 
 
******************************************************************************** 
*                                                                              * 
*                                                                              * 
* HCII2017 Relatorio JUnit                                                     * 
*                                                                              * 
*                                                                              * 
******************************************************************************** 

INFO 2017-02-01 21:25:12,963 JUnit - O teste br.edu.fei.hcii17.test.internal.tc.Task02Test#test01___ParametrosDeEntradaSaoNulos() foi iniciado.
INFO 2017-02-01 21:25:12,968 JUnit - O teste br.edu.fei.hcii17.test.internal.tc.Task02Test#test02___InstanteDeInicioInvalido() foi iniciado.
INFO 2017-02-01 21:25:12,979 JUnit - O teste br.edu.fei.hcii17.test.internal.tc.Task02Test#test03___InstanteDeTerminoInvalido() foi iniciado.
INFO 2017-02-01 21:25:12,981 JUnit - O teste br.edu.fei.hcii17.test.internal.tc.Task02Test#test04___InstantesIguais() foi iniciado.
INFO 2017-02-01 21:25:12,986 JUnit - O teste br.edu.fei.hcii17.test.internal.tc.Task02Test#test05___InstantesValidos() foi iniciado.
INFO 2017-02-01 21:25:12,991 JUnit - A execucao terminou (tests_run=5, test_failures=2, run_time=30 ms).
INFO 2017-02-01 21:25:33,207 JUnit - 
 
******************************************************************************** 
*                                                                              * 
*                                                                              * 
* HCII2017 Relatorio JUnit                                                     * 
*                                                                              * 
*                                                                              * 
******************************************************************************** 

INFO 2017-02-01 21:25:33,347 JUnit - O teste br.edu.fei.hcii17.test.internal.tc.Task02Test#test01___ParametrosDeEntradaSaoNulos() foi iniciado.
INFO 2017-02-01 21:25:33,350 JUnit - O teste br.edu.fei.hcii17.test.internal.tc.Task02Test#test02___InstanteDeInicioInvalido() foi iniciado.
INFO 2017-02-01 21:25:33,361 JUnit - O teste br.edu.fei.hcii17.test.internal.tc.Task02Test#test03___InstanteDeTerminoInvalido() foi iniciado.
INFO 2017-02-01 21:25:33,366 JUnit - O teste br.edu.fei.hcii17.test.internal.tc.Task02Test#test04___InstantesIguais() foi iniciado.
INFO 2017-02-01 21:25:33,367 JUnit - O teste br.edu.fei.hcii17.test.internal.tc.Task02Test#test05___InstantesValidos() foi iniciado.
INFO 2017-02-01 21:25:33,370 JUnit - A execucao terminou (tests_run=5, test_failures=2, run_time=26 ms).
INFO 2017-02-01 21:25:41,763 JUnit - 
 
******************************************************************************** 
*                                                                              * 
*                                                                              * 
* HCII2017 Relatorio JUnit                                                     * 
*                                                                              * 
*                                                                              * 
******************************************************************************** 

INFO 2017-02-01 21:25:41,900 JUnit - O teste br.edu.fei.hcii17.test.internal.tc.Task02Test#test01___ParametrosDeEntradaSaoNulos() foi iniciado.
INFO 2017-02-01 21:25:41,904 JUnit - O teste br.edu.fei.hcii17.test.internal.tc.Task02Test#test02___InstanteDeInicioInvalido() foi iniciado.
INFO 2017-02-01 21:25:41,914 JUnit - O teste br.edu.fei.hcii17.test.internal.tc.Task02Test#test03___InstanteDeTerminoInvalido() foi iniciado.
INFO 2017-02-01 21:25:41,915 JUnit - O teste br.edu.fei.hcii17.test.internal.tc.Task02Test#test04___InstantesIguais() foi iniciado.
INFO 2017-02-01 21:25:41,916 JUnit - O teste br.edu.fei.hcii17.test.internal.tc.Task02Test#test05___InstantesValidos() foi iniciado.
INFO 2017-02-01 21:25:41,919 JUnit - A execucao terminou (tests_run=5, test_failures=0, run_time=22 ms).
INFO 2017-02-01 21:25:41,919 JUnit - A tarefa foi concluida.
INFO 2017-02-01 21:32:35,400 JUnit - 
 
******************************************************************************** 
*                                                                              * 
*                                                                              * 
* HCII2017 Relatorio JUnit                                                     * 
*                                                                              * 
*                                                                              * 
******************************************************************************** 

INFO 2017-02-01 21:32:35,480 JUnit - O teste br.edu.fei.hcii17.test.internal.tc.Task03Test#test01___ParametrosDeEntradaSaoNulos() foi iniciado.
INFO 2017-02-01 21:32:35,484 JUnit - O teste br.edu.fei.hcii17.test.internal.tc.Task03Test#test02___ListaInvalida() foi iniciado.
INFO 2017-02-01 21:32:35,485 JUnit - O teste br.edu.fei.hcii17.test.internal.tc.Task03Test#test03___PredicateNaoFoiAplicado() foi iniciado.
INFO 2017-02-01 21:32:35,550 JUnit - O teste br.edu.fei.hcii17.test.internal.tc.Task03Test#test04___FunctionNaoFoiAplicado() foi iniciado.
INFO 2017-02-01 21:32:35,562 JUnit - O teste br.edu.fei.hcii17.test.internal.tc.Task03Test#test05___StreamNaoEstaOrdenado() foi iniciado.
INFO 2017-02-01 21:32:35,566 JUnit - A execucao terminou (tests_run=5, test_failures=2, run_time=89 ms).
INFO 2017-02-01 21:34:03,838 JUnit - 
 
******************************************************************************** 
*                                                                              * 
*                                                                              * 
* HCII2017 Relatorio JUnit                                                     * 
*                                                                              * 
*                                                                              * 
******************************************************************************** 

INFO 2017-02-01 21:34:03,919 JUnit - O teste br.edu.fei.hcii17.test.internal.tc.Task03Test#test01___ParametrosDeEntradaSaoNulos() foi iniciado.
INFO 2017-02-01 21:34:03,923 JUnit - O teste br.edu.fei.hcii17.test.internal.tc.Task03Test#test02___ListaInvalida() foi iniciado.
INFO 2017-02-01 21:34:03,924 JUnit - O teste br.edu.fei.hcii17.test.internal.tc.Task03Test#test03___PredicateNaoFoiAplicado() foi iniciado.
INFO 2017-02-01 21:34:03,982 JUnit - O teste br.edu.fei.hcii17.test.internal.tc.Task03Test#test04___FunctionNaoFoiAplicado() foi iniciado.
INFO 2017-02-01 21:34:04,026 JUnit - O teste br.edu.fei.hcii17.test.internal.tc.Task03Test#test05___StreamNaoEstaOrdenado() foi iniciado.
INFO 2017-02-01 21:34:04,039 JUnit - A execucao terminou (tests_run=5, test_failures=1, run_time=123 ms).
INFO 2017-02-01 21:34:28,562 JUnit - 
 
******************************************************************************** 
*                                                                              * 
*                                                                              * 
* HCII2017 Relatorio JUnit                                                     * 
*                                                                              * 
*                                                                              * 
******************************************************************************** 

INFO 2017-02-01 21:34:28,642 JUnit - O teste br.edu.fei.hcii17.test.internal.tc.Task03Test#test01___ParametrosDeEntradaSaoNulos() foi iniciado.
INFO 2017-02-01 21:34:28,645 JUnit - O teste br.edu.fei.hcii17.test.internal.tc.Task03Test#test02___ListaInvalida() foi iniciado.
INFO 2017-02-01 21:34:28,647 JUnit - O teste br.edu.fei.hcii17.test.internal.tc.Task03Test#test03___PredicateNaoFoiAplicado() foi iniciado.
INFO 2017-02-01 21:34:28,706 JUnit - O teste br.edu.fei.hcii17.test.internal.tc.Task03Test#test04___FunctionNaoFoiAplicado() foi iniciado.
INFO 2017-02-01 21:34:28,713 JUnit - O teste br.edu.fei.hcii17.test.internal.tc.Task03Test#test05___StreamNaoEstaOrdenado() foi iniciado.
INFO 2017-02-01 21:34:28,723 JUnit - A execucao terminou (tests_run=5, test_failures=1, run_time=84 ms).
INFO 2017-02-01 21:34:47,530 JUnit - 
 
******************************************************************************** 
*                                                                              * 
*                                                                              * 
* HCII2017 Relatorio JUnit                                                     * 
*                                                                              * 
*                                                                              * 
******************************************************************************** 

INFO 2017-02-01 21:34:47,612 JUnit - O teste br.edu.fei.hcii17.test.internal.tc.Task03Test#test01___ParametrosDeEntradaSaoNulos() foi iniciado.
INFO 2017-02-01 21:34:47,617 JUnit - O teste br.edu.fei.hcii17.test.internal.tc.Task03Test#test02___ListaInvalida() foi iniciado.
INFO 2017-02-01 21:34:47,618 JUnit - O teste br.edu.fei.hcii17.test.internal.tc.Task03Test#test03___PredicateNaoFoiAplicado() foi iniciado.
INFO 2017-02-01 21:34:47,673 JUnit - O teste br.edu.fei.hcii17.test.internal.tc.Task03Test#test04___FunctionNaoFoiAplicado() foi iniciado.
INFO 2017-02-01 21:34:47,679 JUnit - O teste br.edu.fei.hcii17.test.internal.tc.Task03Test#test05___StreamNaoEstaOrdenado() foi iniciado.
INFO 2017-02-01 21:34:47,686 JUnit - A execucao terminou (tests_run=5, test_failures=0, run_time=77 ms).
INFO 2017-02-01 21:34:47,686 JUnit - A tarefa foi concluida.
