INFO 2017-02-02 19:21:19,877 JUnit - 
 
******************************************************************************** 
*                                                                              * 
*                                                                              * 
* HCII2017 Relatorio JUnit                                                     * 
*                                                                              * 
*                                                                              * 
******************************************************************************** 

INFO 2017-02-02 19:21:19,976 JUnit - O teste br.edu.fei.hcii17.test.internal.tc.PracticeTaskTest#test01___ParametroDeEntradaEhNuloParaFuncaoEncode() foi iniciado.
INFO 2017-02-02 19:21:19,976 JUnit - O teste br.edu.fei.hcii17.test.internal.tc.PracticeTaskTest#test02___ParametroDeEntradaEhNuloParaFuncaoDecode() foi iniciado.
INFO 2017-02-02 19:21:19,976 JUnit - O teste br.edu.fei.hcii17.test.internal.tc.PracticeTaskTest#test03___ParametroDeEntradaEhVazioParaFuncaoEncode() foi iniciado.
INFO 2017-02-02 19:21:19,976 JUnit - O teste br.edu.fei.hcii17.test.internal.tc.PracticeTaskTest#test04___ParametroDeEntradaEhVazioParaFuncaoDecode() foi iniciado.
INFO 2017-02-02 19:21:19,976 JUnit - O teste br.edu.fei.hcii17.test.internal.tc.PracticeTaskTest#test05___CodficandoUmVetorDeBytesEmBase64() foi iniciado.
INFO 2017-02-02 19:21:19,992 JUnit - O teste br.edu.fei.hcii17.test.internal.tc.PracticeTaskTest#test06___DecodficandoUmaStringBase64() foi iniciado.
INFO 2017-02-02 19:21:19,992 JUnit - A execucao terminou (tests_run=6, test_failures=2, run_time=16 ms).
INFO 2017-02-02 19:27:22,475 JUnit - 
 
******************************************************************************** 
*                                                                              * 
*                                                                              * 
* HCII2017 Relatorio JUnit                                                     * 
*                                                                              * 
*                                                                              * 
******************************************************************************** 

INFO 2017-02-02 19:27:22,544 JUnit - O teste br.edu.fei.hcii17.test.internal.tc.PracticeTaskTest#test01___ParametroDeEntradaEhNuloParaFuncaoEncode() foi iniciado.
INFO 2017-02-02 19:27:22,544 JUnit - O teste br.edu.fei.hcii17.test.internal.tc.PracticeTaskTest#test02___ParametroDeEntradaEhNuloParaFuncaoDecode() foi iniciado.
INFO 2017-02-02 19:27:22,544 JUnit - O teste br.edu.fei.hcii17.test.internal.tc.PracticeTaskTest#test03___ParametroDeEntradaEhVazioParaFuncaoEncode() foi iniciado.
INFO 2017-02-02 19:27:22,544 JUnit - O teste br.edu.fei.hcii17.test.internal.tc.PracticeTaskTest#test04___ParametroDeEntradaEhVazioParaFuncaoDecode() foi iniciado.
INFO 2017-02-02 19:27:22,544 JUnit - O teste br.edu.fei.hcii17.test.internal.tc.PracticeTaskTest#test05___CodficandoUmVetorDeBytesEmBase64() foi iniciado.
INFO 2017-02-02 19:27:22,544 JUnit - O teste br.edu.fei.hcii17.test.internal.tc.PracticeTaskTest#test06___DecodficandoUmaStringBase64() foi iniciado.
INFO 2017-02-02 19:27:22,544 JUnit - A execucao terminou (tests_run=6, test_failures=0, run_time=2 ms).
INFO 2017-02-02 19:27:22,560 JUnit - A tarefa foi concluida.
INFO 2017-02-02 19:43:36,607 JUnit - 
 
******************************************************************************** 
*                                                                              * 
*                                                                              * 
* HCII2017 Relatorio JUnit                                                     * 
*                                                                              * 
*                                                                              * 
******************************************************************************** 

INFO 2017-02-02 19:43:36,676 JUnit - O teste br.edu.fei.hcii17.test.internal.tc.Task03Test#test01___ParametrosDeEntradaSaoNulos() foi iniciado.
INFO 2017-02-02 19:43:36,676 JUnit - O teste br.edu.fei.hcii17.test.internal.tc.Task03Test#test02___ListaInvalida() foi iniciado.
INFO 2017-02-02 19:43:36,676 JUnit - O teste br.edu.fei.hcii17.test.internal.tc.Task03Test#test03___PredicateNaoFoiAplicado() foi iniciado.
INFO 2017-02-02 19:43:36,723 JUnit - O teste br.edu.fei.hcii17.test.internal.tc.Task03Test#test04___FunctionNaoFoiAplicado() foi iniciado.
INFO 2017-02-02 19:43:36,723 JUnit - O teste br.edu.fei.hcii17.test.internal.tc.Task03Test#test05___StreamNaoEstaOrdenado() foi iniciado.
INFO 2017-02-02 19:43:36,723 JUnit - A execucao terminou (tests_run=5, test_failures=0, run_time=47 ms).
INFO 2017-02-02 19:43:36,739 JUnit - A tarefa foi concluida.
INFO 2017-02-02 20:15:06,870 JUnit - 
 
******************************************************************************** 
*                                                                              * 
*                                                                              * 
* HCII2017 Relatorio JUnit                                                     * 
*                                                                              * 
*                                                                              * 
******************************************************************************** 

INFO 2017-02-02 20:15:06,939 JUnit - O teste br.edu.fei.hcii17.test.internal.tc.Task01Test#test01___ParametrosDeEntradaSaoNulos() foi iniciado.
INFO 2017-02-02 20:15:07,008 JUnit - O teste br.edu.fei.hcii17.test.internal.tc.Task01Test#test02___ParametrosDeEntradaNaoSaoDiretorios() foi iniciado.
INFO 2017-02-02 20:15:07,008 JUnit - O teste br.edu.fei.hcii17.test.internal.tc.Task01Test#test03___DiretoriosNaoExistem() foi iniciado.
INFO 2017-02-02 20:15:07,008 JUnit - O teste br.edu.fei.hcii17.test.internal.tc.Task01Test#test04___DiretoriosEstaoVazios() foi iniciado.
INFO 2017-02-02 20:15:07,054 JUnit - O teste br.edu.fei.hcii17.test.internal.tc.Task01Test#test05___DiretoriosJaContemArquivos() foi iniciado.
INFO 2017-02-02 20:15:07,054 JUnit - O teste br.edu.fei.hcii17.test.internal.tc.Task01Test#test06___DiretorioDeEntradaContemApenasPDFs() foi iniciado.
INFO 2017-02-02 20:15:07,070 JUnit - O teste br.edu.fei.hcii17.test.internal.tc.Task01Test#test07___DiretorioDeEntradaContemTodoTipoDeArquivo() foi iniciado.
INFO 2017-02-02 20:15:07,070 JUnit - O teste br.edu.fei.hcii17.test.internal.tc.Task01Test#test08___DiretorioDeEntradaNaoContemPDFs() foi iniciado.
INFO 2017-02-02 20:15:07,070 JUnit - A execucao terminou (tests_run=8, test_failures=0, run_time=147 ms).
INFO 2017-02-02 20:15:07,070 JUnit - A tarefa foi concluida.
INFO 2017-02-02 20:24:20,761 JUnit - 
 
******************************************************************************** 
*                                                                              * 
*                                                                              * 
* HCII2017 Relatorio JUnit                                                     * 
*                                                                              * 
*                                                                              * 
******************************************************************************** 

INFO 2017-02-02 20:24:20,877 JUnit - O teste br.edu.fei.hcii17.test.internal.tc.Task02Test#test01___ParametrosDeEntradaSaoNulos() foi iniciado.
INFO 2017-02-02 20:24:20,877 JUnit - O teste br.edu.fei.hcii17.test.internal.tc.Task02Test#test02___InstanteDeInicioInvalido() foi iniciado.
INFO 2017-02-02 20:24:20,877 JUnit - O teste br.edu.fei.hcii17.test.internal.tc.Task02Test#test03___InstanteDeTerminoInvalido() foi iniciado.
INFO 2017-02-02 20:24:20,877 JUnit - O teste br.edu.fei.hcii17.test.internal.tc.Task02Test#test04___InstantesIguais() foi iniciado.
INFO 2017-02-02 20:24:20,877 JUnit - O teste br.edu.fei.hcii17.test.internal.tc.Task02Test#test05___InstantesValidos() foi iniciado.
INFO 2017-02-02 20:24:20,877 JUnit - A execucao terminou (tests_run=5, test_failures=3, run_time=16 ms).
INFO 2017-02-02 20:25:46,728 JUnit - 
 
******************************************************************************** 
*                                                                              * 
*                                                                              * 
* HCII2017 Relatorio JUnit                                                     * 
*                                                                              * 
*                                                                              * 
******************************************************************************** 

INFO 2017-02-02 20:25:46,844 JUnit - O teste br.edu.fei.hcii17.test.internal.tc.Task02Test#test01___ParametrosDeEntradaSaoNulos() foi iniciado.
INFO 2017-02-02 20:25:46,844 JUnit - O teste br.edu.fei.hcii17.test.internal.tc.Task02Test#test02___InstanteDeInicioInvalido() foi iniciado.
INFO 2017-02-02 20:25:46,844 JUnit - O teste br.edu.fei.hcii17.test.internal.tc.Task02Test#test03___InstanteDeTerminoInvalido() foi iniciado.
INFO 2017-02-02 20:25:46,844 JUnit - O teste br.edu.fei.hcii17.test.internal.tc.Task02Test#test04___InstantesIguais() foi iniciado.
INFO 2017-02-02 20:25:46,860 JUnit - O teste br.edu.fei.hcii17.test.internal.tc.Task02Test#test05___InstantesValidos() foi iniciado.
INFO 2017-02-02 20:25:46,860 JUnit - A execucao terminou (tests_run=5, test_failures=3, run_time=32 ms).
INFO 2017-02-02 20:26:12,987 JUnit - 
 
******************************************************************************** 
*                                                                              * 
*                                                                              * 
* HCII2017 Relatorio JUnit                                                     * 
*                                                                              * 
*                                                                              * 
******************************************************************************** 

INFO 2017-02-02 20:26:13,103 JUnit - O teste br.edu.fei.hcii17.test.internal.tc.Task02Test#test01___ParametrosDeEntradaSaoNulos() foi iniciado.
INFO 2017-02-02 20:26:13,103 JUnit - O teste br.edu.fei.hcii17.test.internal.tc.Task02Test#test02___InstanteDeInicioInvalido() foi iniciado.
INFO 2017-02-02 20:26:13,103 JUnit - O teste br.edu.fei.hcii17.test.internal.tc.Task02Test#test03___InstanteDeTerminoInvalido() foi iniciado.
INFO 2017-02-02 20:26:13,103 JUnit - O teste br.edu.fei.hcii17.test.internal.tc.Task02Test#test04___InstantesIguais() foi iniciado.
INFO 2017-02-02 20:26:13,103 JUnit - O teste br.edu.fei.hcii17.test.internal.tc.Task02Test#test05___InstantesValidos() foi iniciado.
INFO 2017-02-02 20:26:13,103 JUnit - A execucao terminou (tests_run=5, test_failures=2, run_time=16 ms).
INFO 2017-02-02 20:32:43,322 JUnit - 
 
******************************************************************************** 
*                                                                              * 
*                                                                              * 
* HCII2017 Relatorio JUnit                                                     * 
*                                                                              * 
*                                                                              * 
******************************************************************************** 

INFO 2017-02-02 20:32:43,438 JUnit - O teste br.edu.fei.hcii17.test.internal.tc.Task02Test#test01___ParametrosDeEntradaSaoNulos() foi iniciado.
INFO 2017-02-02 20:32:43,438 JUnit - O teste br.edu.fei.hcii17.test.internal.tc.Task02Test#test02___InstanteDeInicioInvalido() foi iniciado.
INFO 2017-02-02 20:32:43,454 JUnit - O teste br.edu.fei.hcii17.test.internal.tc.Task02Test#test03___InstanteDeTerminoInvalido() foi iniciado.
INFO 2017-02-02 20:32:43,454 JUnit - O teste br.edu.fei.hcii17.test.internal.tc.Task02Test#test04___InstantesIguais() foi iniciado.
INFO 2017-02-02 20:32:43,454 JUnit - O teste br.edu.fei.hcii17.test.internal.tc.Task02Test#test05___InstantesValidos() foi iniciado.
INFO 2017-02-02 20:32:43,454 JUnit - A execucao terminou (tests_run=5, test_failures=1, run_time=16 ms).
INFO 2017-02-02 20:33:37,002 JUnit - 
 
******************************************************************************** 
*                                                                              * 
*                                                                              * 
* HCII2017 Relatorio JUnit                                                     * 
*                                                                              * 
*                                                                              * 
******************************************************************************** 

INFO 2017-02-02 20:33:37,118 JUnit - O teste br.edu.fei.hcii17.test.internal.tc.Task02Test#test01___ParametrosDeEntradaSaoNulos() foi iniciado.
INFO 2017-02-02 20:33:37,118 JUnit - O teste br.edu.fei.hcii17.test.internal.tc.Task02Test#test02___InstanteDeInicioInvalido() foi iniciado.
INFO 2017-02-02 20:33:37,134 JUnit - O teste br.edu.fei.hcii17.test.internal.tc.Task02Test#test03___InstanteDeTerminoInvalido() foi iniciado.
INFO 2017-02-02 20:33:37,134 JUnit - O teste br.edu.fei.hcii17.test.internal.tc.Task02Test#test04___InstantesIguais() foi iniciado.
INFO 2017-02-02 20:33:37,134 JUnit - O teste br.edu.fei.hcii17.test.internal.tc.Task02Test#test05___InstantesValidos() foi iniciado.
INFO 2017-02-02 20:33:37,134 JUnit - A execucao terminou (tests_run=5, test_failures=2, run_time=16 ms).
INFO 2017-02-02 20:36:24,069 JUnit - 
 
******************************************************************************** 
*                                                                              * 
*                                                                              * 
* HCII2017 Relatorio JUnit                                                     * 
*                                                                              * 
*                                                                              * 
******************************************************************************** 

INFO 2017-02-02 20:36:24,192 JUnit - O teste br.edu.fei.hcii17.test.internal.tc.Task02Test#test01___ParametrosDeEntradaSaoNulos() foi iniciado.
INFO 2017-02-02 20:36:24,192 JUnit - O teste br.edu.fei.hcii17.test.internal.tc.Task02Test#test02___InstanteDeInicioInvalido() foi iniciado.
INFO 2017-02-02 20:36:24,192 JUnit - O teste br.edu.fei.hcii17.test.internal.tc.Task02Test#test03___InstanteDeTerminoInvalido() foi iniciado.
INFO 2017-02-02 20:36:24,192 JUnit - O teste br.edu.fei.hcii17.test.internal.tc.Task02Test#test04___InstantesIguais() foi iniciado.
INFO 2017-02-02 20:36:24,207 JUnit - O teste br.edu.fei.hcii17.test.internal.tc.Task02Test#test05___InstantesValidos() foi iniciado.
INFO 2017-02-02 20:36:24,207 JUnit - A execucao terminou (tests_run=5, test_failures=2, run_time=15 ms).
INFO 2017-02-02 20:36:49,059 JUnit - 
 
******************************************************************************** 
*                                                                              * 
*                                                                              * 
* HCII2017 Relatorio JUnit                                                     * 
*                                                                              * 
*                                                                              * 
******************************************************************************** 

INFO 2017-02-02 20:36:49,165 JUnit - O teste br.edu.fei.hcii17.test.internal.tc.Task02Test#test01___ParametrosDeEntradaSaoNulos() foi iniciado.
INFO 2017-02-02 20:36:49,165 JUnit - O teste br.edu.fei.hcii17.test.internal.tc.Task02Test#test02___InstanteDeInicioInvalido() foi iniciado.
INFO 2017-02-02 20:36:49,165 JUnit - O teste br.edu.fei.hcii17.test.internal.tc.Task02Test#test03___InstanteDeTerminoInvalido() foi iniciado.
INFO 2017-02-02 20:36:49,181 JUnit - O teste br.edu.fei.hcii17.test.internal.tc.Task02Test#test04___InstantesIguais() foi iniciado.
INFO 2017-02-02 20:36:49,181 JUnit - O teste br.edu.fei.hcii17.test.internal.tc.Task02Test#test05___InstantesValidos() foi iniciado.
INFO 2017-02-02 20:36:49,181 JUnit - A execucao terminou (tests_run=5, test_failures=2, run_time=16 ms).
INFO 2017-02-02 20:37:01,671 JUnit - 
 
******************************************************************************** 
*                                                                              * 
*                                                                              * 
* HCII2017 Relatorio JUnit                                                     * 
*                                                                              * 
*                                                                              * 
******************************************************************************** 

INFO 2017-02-02 20:37:01,787 JUnit - O teste br.edu.fei.hcii17.test.internal.tc.Task02Test#test01___ParametrosDeEntradaSaoNulos() foi iniciado.
INFO 2017-02-02 20:37:01,787 JUnit - O teste br.edu.fei.hcii17.test.internal.tc.Task02Test#test02___InstanteDeInicioInvalido() foi iniciado.
INFO 2017-02-02 20:37:01,787 JUnit - O teste br.edu.fei.hcii17.test.internal.tc.Task02Test#test03___InstanteDeTerminoInvalido() foi iniciado.
INFO 2017-02-02 20:37:01,787 JUnit - O teste br.edu.fei.hcii17.test.internal.tc.Task02Test#test04___InstantesIguais() foi iniciado.
INFO 2017-02-02 20:37:01,787 JUnit - O teste br.edu.fei.hcii17.test.internal.tc.Task02Test#test05___InstantesValidos() foi iniciado.
INFO 2017-02-02 20:37:01,807 JUnit - A execucao terminou (tests_run=5, test_failures=1, run_time=19 ms).
INFO 2017-02-02 20:42:05,352 JUnit - 
 
******************************************************************************** 
*                                                                              * 
*                                                                              * 
* HCII2017 Relatorio JUnit                                                     * 
*                                                                              * 
*                                                                              * 
******************************************************************************** 

INFO 2017-02-02 20:42:05,468 JUnit - O teste br.edu.fei.hcii17.test.internal.tc.Task02Test#test01___ParametrosDeEntradaSaoNulos() foi iniciado.
INFO 2017-02-02 20:42:05,468 JUnit - O teste br.edu.fei.hcii17.test.internal.tc.Task02Test#test02___InstanteDeInicioInvalido() foi iniciado.
INFO 2017-02-02 20:42:05,468 JUnit - O teste br.edu.fei.hcii17.test.internal.tc.Task02Test#test03___InstanteDeTerminoInvalido() foi iniciado.
INFO 2017-02-02 20:42:05,468 JUnit - O teste br.edu.fei.hcii17.test.internal.tc.Task02Test#test04___InstantesIguais() foi iniciado.
INFO 2017-02-02 20:42:05,468 JUnit - O teste br.edu.fei.hcii17.test.internal.tc.Task02Test#test05___InstantesValidos() foi iniciado.
INFO 2017-02-02 20:42:05,468 JUnit - A execucao terminou (tests_run=5, test_failures=1, run_time=16 ms).
INFO 2017-02-02 20:42:26,094 JUnit - 
 
******************************************************************************** 
*                                                                              * 
*                                                                              * 
* HCII2017 Relatorio JUnit                                                     * 
*                                                                              * 
*                                                                              * 
******************************************************************************** 

INFO 2017-02-02 20:42:26,210 JUnit - O teste br.edu.fei.hcii17.test.internal.tc.Task02Test#test01___ParametrosDeEntradaSaoNulos() foi iniciado.
INFO 2017-02-02 20:42:26,210 JUnit - O teste br.edu.fei.hcii17.test.internal.tc.Task02Test#test02___InstanteDeInicioInvalido() foi iniciado.
INFO 2017-02-02 20:42:26,210 JUnit - O teste br.edu.fei.hcii17.test.internal.tc.Task02Test#test03___InstanteDeTerminoInvalido() foi iniciado.
INFO 2017-02-02 20:42:26,210 JUnit - O teste br.edu.fei.hcii17.test.internal.tc.Task02Test#test04___InstantesIguais() foi iniciado.
INFO 2017-02-02 20:42:26,210 JUnit - O teste br.edu.fei.hcii17.test.internal.tc.Task02Test#test05___InstantesValidos() foi iniciado.
INFO 2017-02-02 20:42:26,225 JUnit - A execucao terminou (tests_run=5, test_failures=1, run_time=15 ms).
INFO 2017-02-02 20:53:40,464 JUnit - 
 
******************************************************************************** 
*                                                                              * 
*                                                                              * 
* HCII2017 Relatorio JUnit                                                     * 
*                                                                              * 
*                                                                              * 
******************************************************************************** 

INFO 2017-02-02 20:53:40,580 JUnit - O teste br.edu.fei.hcii17.test.internal.tc.Task02Test#test01___ParametrosDeEntradaSaoNulos() foi iniciado.
INFO 2017-02-02 20:53:40,580 JUnit - O teste br.edu.fei.hcii17.test.internal.tc.Task02Test#test02___InstanteDeInicioInvalido() foi iniciado.
INFO 2017-02-02 20:53:40,596 JUnit - O teste br.edu.fei.hcii17.test.internal.tc.Task02Test#test03___InstanteDeTerminoInvalido() foi iniciado.
INFO 2017-02-02 20:53:40,596 JUnit - O teste br.edu.fei.hcii17.test.internal.tc.Task02Test#test04___InstantesIguais() foi iniciado.
INFO 2017-02-02 20:53:40,596 JUnit - O teste br.edu.fei.hcii17.test.internal.tc.Task02Test#test05___InstantesValidos() foi iniciado.
INFO 2017-02-02 20:53:40,596 JUnit - A execucao terminou (tests_run=5, test_failures=0, run_time=31 ms).
INFO 2017-02-02 20:53:40,596 JUnit - A tarefa foi concluida.
