INFO 2017-02-01 19:56:34,195 JUnit - 
 
******************************************************************************** 
*                                                                              * 
*                                                                              * 
* HCII2017 Relatorio JUnit                                                     * 
*                                                                              * 
*                                                                              * 
******************************************************************************** 

INFO 2017-02-01 19:56:34,496 JUnit - O teste br.edu.fei.hcii17.test.internal.tc.PracticeTaskTest#test01___ParametroDeEntradaEhNuloParaFuncaoEncode() foi iniciado.
INFO 2017-02-01 19:56:34,511 JUnit - O teste br.edu.fei.hcii17.test.internal.tc.PracticeTaskTest#test02___ParametroDeEntradaEhNuloParaFuncaoDecode() foi iniciado.
INFO 2017-02-01 19:56:34,511 JUnit - O teste br.edu.fei.hcii17.test.internal.tc.PracticeTaskTest#test03___ParametroDeEntradaEhVazioParaFuncaoEncode() foi iniciado.
INFO 2017-02-01 19:56:34,511 JUnit - O teste br.edu.fei.hcii17.test.internal.tc.PracticeTaskTest#test04___ParametroDeEntradaEhVazioParaFuncaoDecode() foi iniciado.
INFO 2017-02-01 19:56:34,511 JUnit - O teste br.edu.fei.hcii17.test.internal.tc.PracticeTaskTest#test05___CodficandoUmVetorDeBytesEmBase64() foi iniciado.
INFO 2017-02-01 19:56:34,543 JUnit - O teste br.edu.fei.hcii17.test.internal.tc.PracticeTaskTest#test06___DecodficandoUmaStringBase64() foi iniciado.
INFO 2017-02-01 19:56:34,543 JUnit - A execucao terminou (tests_run=6, test_failures=2, run_time=47 ms).
INFO 2017-02-01 20:01:22,329 JUnit - 
 
******************************************************************************** 
*                                                                              * 
*                                                                              * 
* HCII2017 Relatorio JUnit                                                     * 
*                                                                              * 
*                                                                              * 
******************************************************************************** 

INFO 2017-02-01 20:01:22,429 JUnit - O teste br.edu.fei.hcii17.test.internal.tc.PracticeTaskTest#test01___ParametroDeEntradaEhNuloParaFuncaoEncode() foi iniciado.
INFO 2017-02-01 20:01:22,445 JUnit - O teste br.edu.fei.hcii17.test.internal.tc.PracticeTaskTest#test02___ParametroDeEntradaEhNuloParaFuncaoDecode() foi iniciado.
INFO 2017-02-01 20:01:22,445 JUnit - O teste br.edu.fei.hcii17.test.internal.tc.PracticeTaskTest#test03___ParametroDeEntradaEhVazioParaFuncaoEncode() foi iniciado.
INFO 2017-02-01 20:01:22,445 JUnit - O teste br.edu.fei.hcii17.test.internal.tc.PracticeTaskTest#test04___ParametroDeEntradaEhVazioParaFuncaoDecode() foi iniciado.
INFO 2017-02-01 20:01:22,445 JUnit - O teste br.edu.fei.hcii17.test.internal.tc.PracticeTaskTest#test05___CodficandoUmVetorDeBytesEmBase64() foi iniciado.
INFO 2017-02-01 20:01:22,445 JUnit - O teste br.edu.fei.hcii17.test.internal.tc.PracticeTaskTest#test06___DecodficandoUmaStringBase64() foi iniciado.
INFO 2017-02-01 20:01:22,445 JUnit - A execucao terminou (tests_run=6, test_failures=4, run_time=16 ms).
INFO 2017-02-01 20:04:54,411 JUnit - 
 
******************************************************************************** 
*                                                                              * 
*                                                                              * 
* HCII2017 Relatorio JUnit                                                     * 
*                                                                              * 
*                                                                              * 
******************************************************************************** 

INFO 2017-02-01 20:04:54,496 JUnit - O teste br.edu.fei.hcii17.test.internal.tc.PracticeTaskTest#test01___ParametroDeEntradaEhNuloParaFuncaoEncode() foi iniciado.
INFO 2017-02-01 20:04:54,511 JUnit - O teste br.edu.fei.hcii17.test.internal.tc.PracticeTaskTest#test02___ParametroDeEntradaEhNuloParaFuncaoDecode() foi iniciado.
INFO 2017-02-01 20:04:54,511 JUnit - O teste br.edu.fei.hcii17.test.internal.tc.PracticeTaskTest#test03___ParametroDeEntradaEhVazioParaFuncaoEncode() foi iniciado.
INFO 2017-02-01 20:04:54,511 JUnit - O teste br.edu.fei.hcii17.test.internal.tc.PracticeTaskTest#test04___ParametroDeEntradaEhVazioParaFuncaoDecode() foi iniciado.
INFO 2017-02-01 20:04:54,511 JUnit - O teste br.edu.fei.hcii17.test.internal.tc.PracticeTaskTest#test05___CodficandoUmVetorDeBytesEmBase64() foi iniciado.
INFO 2017-02-01 20:04:54,511 JUnit - O teste br.edu.fei.hcii17.test.internal.tc.PracticeTaskTest#test06___DecodficandoUmaStringBase64() foi iniciado.
INFO 2017-02-01 20:04:54,511 JUnit - A execucao terminou (tests_run=6, test_failures=2, run_time=15 ms).
INFO 2017-02-01 20:05:07,893 JUnit - 
 
******************************************************************************** 
*                                                                              * 
*                                                                              * 
* HCII2017 Relatorio JUnit                                                     * 
*                                                                              * 
*                                                                              * 
******************************************************************************** 

INFO 2017-02-01 20:05:07,993 JUnit - O teste br.edu.fei.hcii17.test.internal.tc.PracticeTaskTest#test01___ParametroDeEntradaEhNuloParaFuncaoEncode() foi iniciado.
INFO 2017-02-01 20:05:07,993 JUnit - O teste br.edu.fei.hcii17.test.internal.tc.PracticeTaskTest#test02___ParametroDeEntradaEhNuloParaFuncaoDecode() foi iniciado.
INFO 2017-02-01 20:05:07,993 JUnit - O teste br.edu.fei.hcii17.test.internal.tc.PracticeTaskTest#test03___ParametroDeEntradaEhVazioParaFuncaoEncode() foi iniciado.
INFO 2017-02-01 20:05:07,993 JUnit - O teste br.edu.fei.hcii17.test.internal.tc.PracticeTaskTest#test04___ParametroDeEntradaEhVazioParaFuncaoDecode() foi iniciado.
INFO 2017-02-01 20:05:07,993 JUnit - O teste br.edu.fei.hcii17.test.internal.tc.PracticeTaskTest#test05___CodficandoUmVetorDeBytesEmBase64() foi iniciado.
INFO 2017-02-01 20:05:08,009 JUnit - O teste br.edu.fei.hcii17.test.internal.tc.PracticeTaskTest#test06___DecodficandoUmaStringBase64() foi iniciado.
INFO 2017-02-01 20:05:08,009 JUnit - A execucao terminou (tests_run=6, test_failures=2, run_time=31 ms).
INFO 2017-02-01 20:09:51,471 JUnit - 
 
******************************************************************************** 
*                                                                              * 
*                                                                              * 
* HCII2017 Relatorio JUnit                                                     * 
*                                                                              * 
*                                                                              * 
******************************************************************************** 

INFO 2017-02-01 20:09:51,555 JUnit - O teste br.edu.fei.hcii17.test.internal.tc.PracticeTaskTest#test01___ParametroDeEntradaEhNuloParaFuncaoEncode() foi iniciado.
INFO 2017-02-01 20:09:51,571 JUnit - O teste br.edu.fei.hcii17.test.internal.tc.PracticeTaskTest#test02___ParametroDeEntradaEhNuloParaFuncaoDecode() foi iniciado.
INFO 2017-02-01 20:09:51,571 JUnit - O teste br.edu.fei.hcii17.test.internal.tc.PracticeTaskTest#test03___ParametroDeEntradaEhVazioParaFuncaoEncode() foi iniciado.
INFO 2017-02-01 20:09:51,571 JUnit - O teste br.edu.fei.hcii17.test.internal.tc.PracticeTaskTest#test04___ParametroDeEntradaEhVazioParaFuncaoDecode() foi iniciado.
INFO 2017-02-01 20:09:51,571 JUnit - O teste br.edu.fei.hcii17.test.internal.tc.PracticeTaskTest#test05___CodficandoUmVetorDeBytesEmBase64() foi iniciado.
INFO 2017-02-01 20:09:51,571 JUnit - O teste br.edu.fei.hcii17.test.internal.tc.PracticeTaskTest#test06___DecodficandoUmaStringBase64() foi iniciado.
INFO 2017-02-01 20:09:51,571 JUnit - A execucao terminou (tests_run=6, test_failures=2, run_time=16 ms).
INFO 2017-02-01 20:11:44,171 JUnit - 
 
******************************************************************************** 
*                                                                              * 
*                                                                              * 
* HCII2017 Relatorio JUnit                                                     * 
*                                                                              * 
*                                                                              * 
******************************************************************************** 

INFO 2017-02-01 20:11:44,255 JUnit - O teste br.edu.fei.hcii17.test.internal.tc.PracticeTaskTest#test01___ParametroDeEntradaEhNuloParaFuncaoEncode() foi iniciado.
INFO 2017-02-01 20:11:44,271 JUnit - O teste br.edu.fei.hcii17.test.internal.tc.PracticeTaskTest#test02___ParametroDeEntradaEhNuloParaFuncaoDecode() foi iniciado.
INFO 2017-02-01 20:11:44,271 JUnit - O teste br.edu.fei.hcii17.test.internal.tc.PracticeTaskTest#test03___ParametroDeEntradaEhVazioParaFuncaoEncode() foi iniciado.
INFO 2017-02-01 20:11:44,271 JUnit - O teste br.edu.fei.hcii17.test.internal.tc.PracticeTaskTest#test04___ParametroDeEntradaEhVazioParaFuncaoDecode() foi iniciado.
INFO 2017-02-01 20:11:44,271 JUnit - O teste br.edu.fei.hcii17.test.internal.tc.PracticeTaskTest#test05___CodficandoUmVetorDeBytesEmBase64() foi iniciado.
INFO 2017-02-01 20:11:44,271 JUnit - O teste br.edu.fei.hcii17.test.internal.tc.PracticeTaskTest#test06___DecodficandoUmaStringBase64() foi iniciado.
INFO 2017-02-01 20:11:44,271 JUnit - A execucao terminou (tests_run=6, test_failures=1, run_time=16 ms).
INFO 2017-02-01 20:12:57,467 JUnit - 
 
******************************************************************************** 
*                                                                              * 
*                                                                              * 
* HCII2017 Relatorio JUnit                                                     * 
*                                                                              * 
*                                                                              * 
******************************************************************************** 

INFO 2017-02-01 20:12:57,565 JUnit - O teste br.edu.fei.hcii17.test.internal.tc.PracticeTaskTest#test01___ParametroDeEntradaEhNuloParaFuncaoEncode() foi iniciado.
INFO 2017-02-01 20:12:57,568 JUnit - O teste br.edu.fei.hcii17.test.internal.tc.PracticeTaskTest#test02___ParametroDeEntradaEhNuloParaFuncaoDecode() foi iniciado.
INFO 2017-02-01 20:12:57,568 JUnit - O teste br.edu.fei.hcii17.test.internal.tc.PracticeTaskTest#test03___ParametroDeEntradaEhVazioParaFuncaoEncode() foi iniciado.
INFO 2017-02-01 20:12:57,568 JUnit - O teste br.edu.fei.hcii17.test.internal.tc.PracticeTaskTest#test04___ParametroDeEntradaEhVazioParaFuncaoDecode() foi iniciado.
INFO 2017-02-01 20:12:57,568 JUnit - O teste br.edu.fei.hcii17.test.internal.tc.PracticeTaskTest#test05___CodficandoUmVetorDeBytesEmBase64() foi iniciado.
INFO 2017-02-01 20:12:57,568 JUnit - O teste br.edu.fei.hcii17.test.internal.tc.PracticeTaskTest#test06___DecodficandoUmaStringBase64() foi iniciado.
INFO 2017-02-01 20:12:57,568 JUnit - A execucao terminou (tests_run=6, test_failures=0, run_time=23 ms).
INFO 2017-02-01 20:12:57,568 JUnit - A tarefa foi concluida.
INFO 2017-02-01 20:59:45,731 JUnit - 
 
******************************************************************************** 
*                                                                              * 
*                                                                              * 
* HCII2017 Relatorio JUnit                                                     * 
*                                                                              * 
*                                                                              * 
******************************************************************************** 

INFO 2017-02-01 20:59:45,831 JUnit - O teste br.edu.fei.hcii17.test.internal.tc.Task01Test#test01___ParametrosDeEntradaSaoNulos() foi iniciado.
INFO 2017-02-01 20:59:45,900 JUnit - O teste br.edu.fei.hcii17.test.internal.tc.Task01Test#test02___ParametrosDeEntradaNaoSaoDiretorios() foi iniciado.
INFO 2017-02-01 20:59:45,900 JUnit - O teste br.edu.fei.hcii17.test.internal.tc.Task01Test#test03___DiretoriosNaoExistem() foi iniciado.
INFO 2017-02-01 20:59:45,900 JUnit - O teste br.edu.fei.hcii17.test.internal.tc.Task01Test#test04___DiretoriosEstaoVazios() foi iniciado.
INFO 2017-02-01 20:59:46,284 JUnit - O teste br.edu.fei.hcii17.test.internal.tc.Task01Test#test05___DiretoriosJaContemArquivos() foi iniciado.
INFO 2017-02-01 20:59:46,633 JUnit - O teste br.edu.fei.hcii17.test.internal.tc.Task01Test#test06___DiretorioDeEntradaContemApenasPDFs() foi iniciado.
INFO 2017-02-01 20:59:46,965 JUnit - O teste br.edu.fei.hcii17.test.internal.tc.Task01Test#test07___DiretorioDeEntradaContemTodoTipoDeArquivo() foi iniciado.
INFO 2017-02-01 20:59:47,303 JUnit - O teste br.edu.fei.hcii17.test.internal.tc.Task01Test#test08___DiretorioDeEntradaNaoContemPDFs() foi iniciado.
INFO 2017-02-01 20:59:47,635 JUnit - A execucao terminou (tests_run=8, test_failures=5, run_time=1,820 ms).
INFO 2017-02-01 21:16:38,952 JUnit - 
 
******************************************************************************** 
*                                                                              * 
*                                                                              * 
* HCII2017 Relatorio JUnit                                                     * 
*                                                                              * 
*                                                                              * 
******************************************************************************** 

INFO 2017-02-01 21:16:39,052 JUnit - O teste br.edu.fei.hcii17.test.internal.tc.Task01Test#test01___ParametrosDeEntradaSaoNulos() foi iniciado.
INFO 2017-02-01 21:16:39,115 JUnit - O teste br.edu.fei.hcii17.test.internal.tc.Task01Test#test02___ParametrosDeEntradaNaoSaoDiretorios() foi iniciado.
INFO 2017-02-01 21:16:39,130 JUnit - O teste br.edu.fei.hcii17.test.internal.tc.Task01Test#test03___DiretoriosNaoExistem() foi iniciado.
INFO 2017-02-01 21:16:39,130 JUnit - O teste br.edu.fei.hcii17.test.internal.tc.Task01Test#test04___DiretoriosEstaoVazios() foi iniciado.
INFO 2017-02-01 21:16:39,184 JUnit - O teste br.edu.fei.hcii17.test.internal.tc.Task01Test#test05___DiretoriosJaContemArquivos() foi iniciado.
INFO 2017-02-01 21:16:39,199 JUnit - O teste br.edu.fei.hcii17.test.internal.tc.Task01Test#test06___DiretorioDeEntradaContemApenasPDFs() foi iniciado.
INFO 2017-02-01 21:16:39,215 JUnit - O teste br.edu.fei.hcii17.test.internal.tc.Task01Test#test07___DiretorioDeEntradaContemTodoTipoDeArquivo() foi iniciado.
INFO 2017-02-01 21:16:39,215 JUnit - O teste br.edu.fei.hcii17.test.internal.tc.Task01Test#test08___DiretorioDeEntradaNaoContemPDFs() foi iniciado.
INFO 2017-02-01 21:16:39,230 JUnit - A execucao terminou (tests_run=8, test_failures=0, run_time=178 ms).
INFO 2017-02-01 21:16:39,230 JUnit - A tarefa foi concluida.
INFO 2017-02-01 21:30:48,596 JUnit - 
 
******************************************************************************** 
*                                                                              * 
*                                                                              * 
* HCII2017 Relatorio JUnit                                                     * 
*                                                                              * 
*                                                                              * 
******************************************************************************** 

INFO 2017-02-01 21:30:48,765 JUnit - O teste br.edu.fei.hcii17.test.internal.tc.Task02Test#test01___ParametrosDeEntradaSaoNulos() foi iniciado.
INFO 2017-02-01 21:30:48,765 JUnit - O teste br.edu.fei.hcii17.test.internal.tc.Task02Test#test02___InstanteDeInicioInvalido() foi iniciado.
INFO 2017-02-01 21:30:48,781 JUnit - O teste br.edu.fei.hcii17.test.internal.tc.Task02Test#test03___InstanteDeTerminoInvalido() foi iniciado.
INFO 2017-02-01 21:30:48,781 JUnit - O teste br.edu.fei.hcii17.test.internal.tc.Task02Test#test04___InstantesIguais() foi iniciado.
INFO 2017-02-01 21:30:48,812 JUnit - O teste br.edu.fei.hcii17.test.internal.tc.Task02Test#test05___InstantesValidos() foi iniciado.
INFO 2017-02-01 21:30:48,828 JUnit - A execucao terminou (tests_run=5, test_failures=2, run_time=47 ms).
INFO 2017-02-01 21:31:49,810 JUnit - 
 
******************************************************************************** 
*                                                                              * 
*                                                                              * 
* HCII2017 Relatorio JUnit                                                     * 
*                                                                              * 
*                                                                              * 
******************************************************************************** 

INFO 2017-02-01 21:31:49,988 JUnit - O teste br.edu.fei.hcii17.test.internal.tc.Task02Test#test01___ParametrosDeEntradaSaoNulos() foi iniciado.
INFO 2017-02-01 21:31:49,988 JUnit - O teste br.edu.fei.hcii17.test.internal.tc.Task02Test#test02___InstanteDeInicioInvalido() foi iniciado.
INFO 2017-02-01 21:31:50,005 JUnit - O teste br.edu.fei.hcii17.test.internal.tc.Task02Test#test03___InstanteDeTerminoInvalido() foi iniciado.
INFO 2017-02-01 21:31:50,006 JUnit - O teste br.edu.fei.hcii17.test.internal.tc.Task02Test#test04___InstantesIguais() foi iniciado.
INFO 2017-02-01 21:31:50,026 JUnit - O teste br.edu.fei.hcii17.test.internal.tc.Task02Test#test05___InstantesValidos() foi iniciado.
INFO 2017-02-01 21:31:50,042 JUnit - A execucao terminou (tests_run=5, test_failures=2, run_time=70 ms).
INFO 2017-02-01 21:32:21,027 JUnit - 
 
******************************************************************************** 
*                                                                              * 
*                                                                              * 
* HCII2017 Relatorio JUnit                                                     * 
*                                                                              * 
*                                                                              * 
******************************************************************************** 

INFO 2017-02-01 21:32:21,190 JUnit - O teste br.edu.fei.hcii17.test.internal.tc.Task02Test#test01___ParametrosDeEntradaSaoNulos() foi iniciado.
INFO 2017-02-01 21:32:21,205 JUnit - O teste br.edu.fei.hcii17.test.internal.tc.Task02Test#test02___InstanteDeInicioInvalido() foi iniciado.
INFO 2017-02-01 21:32:21,205 JUnit - O teste br.edu.fei.hcii17.test.internal.tc.Task02Test#test03___InstanteDeTerminoInvalido() foi iniciado.
INFO 2017-02-01 21:32:21,205 JUnit - O teste br.edu.fei.hcii17.test.internal.tc.Task02Test#test04___InstantesIguais() foi iniciado.
INFO 2017-02-01 21:32:21,243 JUnit - O teste br.edu.fei.hcii17.test.internal.tc.Task02Test#test05___InstantesValidos() foi iniciado.
INFO 2017-02-01 21:32:21,243 JUnit - A execucao terminou (tests_run=5, test_failures=2, run_time=53 ms).
INFO 2017-02-01 21:57:24,259 JUnit - 
 
******************************************************************************** 
*                                                                              * 
*                                                                              * 
* HCII2017 Relatorio JUnit                                                     * 
*                                                                              * 
*                                                                              * 
******************************************************************************** 

INFO 2017-02-01 21:57:24,424 JUnit - O teste br.edu.fei.hcii17.test.internal.tc.Task02Test#test01___ParametrosDeEntradaSaoNulos() foi iniciado.
INFO 2017-02-01 21:57:24,429 JUnit - O teste br.edu.fei.hcii17.test.internal.tc.Task02Test#test02___InstanteDeInicioInvalido() foi iniciado.
INFO 2017-02-01 21:57:24,429 JUnit - O teste br.edu.fei.hcii17.test.internal.tc.Task02Test#test03___InstanteDeTerminoInvalido() foi iniciado.
INFO 2017-02-01 21:57:24,429 JUnit - O teste br.edu.fei.hcii17.test.internal.tc.Task02Test#test04___InstantesIguais() foi iniciado.
INFO 2017-02-01 21:57:24,429 JUnit - O teste br.edu.fei.hcii17.test.internal.tc.Task02Test#test05___InstantesValidos() foi iniciado.
INFO 2017-02-01 21:57:24,444 JUnit - A execucao terminou (tests_run=5, test_failures=0, run_time=23 ms).
INFO 2017-02-01 21:57:24,444 JUnit - A tarefa foi concluida.
INFO 2017-02-01 22:05:19,463 JUnit - 
 
******************************************************************************** 
*                                                                              * 
*                                                                              * 
* HCII2017 Relatorio JUnit                                                     * 
*                                                                              * 
*                                                                              * 
******************************************************************************** 

INFO 2017-02-01 22:05:19,563 JUnit - O teste br.edu.fei.hcii17.test.internal.tc.Task03Test#test01___ParametrosDeEntradaSaoNulos() foi iniciado.
INFO 2017-02-01 22:05:19,563 JUnit - O teste br.edu.fei.hcii17.test.internal.tc.Task03Test#test02___ListaInvalida() foi iniciado.
INFO 2017-02-01 22:05:19,563 JUnit - O teste br.edu.fei.hcii17.test.internal.tc.Task03Test#test03___PredicateNaoFoiAplicado() foi iniciado.
INFO 2017-02-01 22:05:19,632 JUnit - O teste br.edu.fei.hcii17.test.internal.tc.Task03Test#test04___FunctionNaoFoiAplicado() foi iniciado.
INFO 2017-02-01 22:05:19,632 JUnit - O teste br.edu.fei.hcii17.test.internal.tc.Task03Test#test05___StreamNaoEstaOrdenado() foi iniciado.
INFO 2017-02-01 22:05:19,648 JUnit - A execucao terminou (tests_run=5, test_failures=2, run_time=69 ms).
INFO 2017-02-01 22:09:56,540 JUnit - 
 
******************************************************************************** 
*                                                                              * 
*                                                                              * 
* HCII2017 Relatorio JUnit                                                     * 
*                                                                              * 
*                                                                              * 
******************************************************************************** 

INFO 2017-02-01 22:09:56,640 JUnit - O teste br.edu.fei.hcii17.test.internal.tc.Task03Test#test01___ParametrosDeEntradaSaoNulos() foi iniciado.
INFO 2017-02-01 22:09:56,640 JUnit - O teste br.edu.fei.hcii17.test.internal.tc.Task03Test#test02___ListaInvalida() foi iniciado.
INFO 2017-02-01 22:09:56,640 JUnit - O teste br.edu.fei.hcii17.test.internal.tc.Task03Test#test03___PredicateNaoFoiAplicado() foi iniciado.
INFO 2017-02-01 22:09:56,703 JUnit - O teste br.edu.fei.hcii17.test.internal.tc.Task03Test#test04___FunctionNaoFoiAplicado() foi iniciado.
INFO 2017-02-01 22:09:56,718 JUnit - O teste br.edu.fei.hcii17.test.internal.tc.Task03Test#test05___StreamNaoEstaOrdenado() foi iniciado.
INFO 2017-02-01 22:09:56,718 JUnit - A execucao terminou (tests_run=5, test_failures=2, run_time=78 ms).
INFO 2017-02-01 22:17:11,876 JUnit - 
 
******************************************************************************** 
*                                                                              * 
*                                                                              * 
* HCII2017 Relatorio JUnit                                                     * 
*                                                                              * 
*                                                                              * 
******************************************************************************** 

INFO 2017-02-01 22:17:11,976 JUnit - O teste br.edu.fei.hcii17.test.internal.tc.Task03Test#test01___ParametrosDeEntradaSaoNulos() foi iniciado.
INFO 2017-02-01 22:17:11,976 JUnit - O teste br.edu.fei.hcii17.test.internal.tc.Task03Test#test02___ListaInvalida() foi iniciado.
INFO 2017-02-01 22:17:11,976 JUnit - O teste br.edu.fei.hcii17.test.internal.tc.Task03Test#test03___PredicateNaoFoiAplicado() foi iniciado.
INFO 2017-02-01 22:17:12,029 JUnit - O teste br.edu.fei.hcii17.test.internal.tc.Task03Test#test04___FunctionNaoFoiAplicado() foi iniciado.
INFO 2017-02-01 22:17:12,045 JUnit - O teste br.edu.fei.hcii17.test.internal.tc.Task03Test#test05___StreamNaoEstaOrdenado() foi iniciado.
INFO 2017-02-01 22:17:12,045 JUnit - A execucao terminou (tests_run=5, test_failures=0, run_time=85 ms).
INFO 2017-02-01 22:17:12,045 JUnit - A tarefa foi concluida.
